<?xml version="1.0" encoding="UTF-8"?>
<testng-results skipped="0" failed="0" ignored="0" total="1" passed="1">
  <reporter-output>
  </reporter-output>
  <suite name="Default suite" duration-ms="26234" started-at="2017-03-16T13:42:38Z" finished-at="2017-03-16T13:43:04Z">
    <groups>
    </groups>
    <test name="Default test" duration-ms="26234" started-at="2017-03-16T13:42:38Z" finished-at="2017-03-16T13:43:04Z">
      <class name="Tests.SGPageTests">
        <test-method status="PASS" signature="beforeMethod()[pri:0, instance:Tests.SGPageTests@57baeedf]" name="beforeMethod" is-config="true" duration-ms="8049" started-at="2017-03-16T08:42:38Z" finished-at="2017-03-16T08:42:46Z">
          <reporter-output>
          </reporter-output>
        </test-method> <!-- beforeMethod -->
        <test-method status="PASS" signature="AcctRepSG()[pri:0, instance:Tests.SGPageTests@57baeedf]" name="AcctRepSG" duration-ms="17668" started-at="2017-03-16T08:42:46Z" finished-at="2017-03-16T08:43:04Z">
          <reporter-output>
          </reporter-output>
        </test-method> <!-- AcctRepSG -->
        <test-method status="PASS" signature="afterMethod()[pri:0, instance:Tests.SGPageTests@57baeedf]" name="afterMethod" is-config="true" duration-ms="499" started-at="2017-03-16T08:43:04Z" finished-at="2017-03-16T08:43:04Z">
          <reporter-output>
          </reporter-output>
        </test-method> <!-- afterMethod -->
      </class> <!-- Tests.SGPageTests -->
    </test> <!-- Default test -->
  </suite> <!-- Default suite -->
</testng-results>
